<?xml version="1.0" encoding="UTF-8"?>
<!-- Generated by org.testng.reporters.JUnitReportReporter -->
<testsuite skipped="0" hostname="RahulKaelsMini2" name="com.farm.qa.testcases.FarmAppTest" tests="5" failures="0" timestamp="12 Feb 2019 15:20:35 GMT" time="216.409" errors="0">
  <testcase name="goverment_Scheme" time="26.272" classname="com.farm.qa.testcases.FarmAppTest"/>
  <testcase name="chat_test" time="89.869" classname="com.farm.qa.testcases.FarmAppTest"/>
  <testcase name="test_all_tabs" time="25.225" classname="com.farm.qa.testcases.FarmAppTest"/>
  <testcase name="settings_tab" time="12.957" classname="com.farm.qa.testcases.FarmAppTest"/>
  <testcase name="agronomy_test" time="62.086" classname="com.farm.qa.testcases.FarmAppTest"/>
</testsuite> <!-- com.farm.qa.testcases.FarmAppTest -->
