<?xml version="1.0" encoding="UTF-8"?>
<!-- Generated by org.testng.reporters.JUnitReportReporter -->
<testsuite skipped="0" hostname="RahulKaelsMini2" name="com.farm.qa.testcases.Annotations" tests="2" failures="0" timestamp="13 Apr 2019 11:31:10 GMT" time="0.008" errors="0">
  <testcase name="test1" time="0.006" classname="com.farm.qa.testcases.Annotations"/>
  <testcase name="test2" time="0.002" classname="com.farm.qa.testcases.Annotations"/>
</testsuite> <!-- com.farm.qa.testcases.Annotations -->
