<?xml version="1.0" encoding="UTF-8"?>
<!-- Generated by org.testng.reporters.JUnitReportReporter -->
<testsuite skipped="0" hostname="DESKTOP-A3DICO7" name="com.farm.qa.testcases.FarmAppTest" tests="6" failures="0" timestamp="07 Feb 2019 13:21:31 GMT" time="351.628" errors="0">
  <testcase name="access_Weather_Details" time="124.438" classname="com.farm.qa.testcases.FarmAppTest"/>
  <testcase name="goverment_Scheme" time="29.292" classname="com.farm.qa.testcases.FarmAppTest"/>
  <testcase name="chat_test" time="97.682" classname="com.farm.qa.testcases.FarmAppTest"/>
  <testcase name="test_all_tabs" time="23.196" classname="com.farm.qa.testcases.FarmAppTest"/>
  <testcase name="settings_tab" time="12.879" classname="com.farm.qa.testcases.FarmAppTest"/>
  <testcase name="agronomy_test" time="64.141" classname="com.farm.qa.testcases.FarmAppTest"/>
</testsuite> <!-- com.farm.qa.testcases.FarmAppTest -->
