<?xml version="1.0" encoding="UTF-8"?>
<!-- Generated by org.testng.reporters.JUnitReportReporter -->
<testsuite skipped="0" hostname="DESKTOP-A3DICO7" name="TestNGConcept.Test1" tests="3" failures="0" timestamp="18 May 2019 01:43:51 GMT" time="0.037" errors="0">
  <testcase name="sub" time="0.004" classname="TestNGConcept.Test1"/>
  <testcase name="b" time="0.012" classname="TestNGConcept.Test1"/>
  <testcase name="add" time="0.021" classname="TestNGConcept.Test1"/>
</testsuite> <!-- TestNGConcept.Test1 -->
