<?xml version="1.0" encoding="UTF-8"?>
<!-- Generated by org.testng.reporters.JUnitReportReporter -->
<testsuite skipped="0" hostname="DESKTOP-A3DICO7" name="com.farm.qa.testcases.FarmAppTest" tests="2" failures="0" timestamp="30 Jan 2019 12:18:24 GMT" time="113.010" errors="0">
  <testcase name="goverment_Scheme" time="50.230" classname="com.farm.qa.testcases.FarmAppTest"/>
  <testcase name="agronomy_test" time="62.780" classname="com.farm.qa.testcases.FarmAppTest"/>
</testsuite> <!-- com.farm.qa.testcases.FarmAppTest -->
