<?xml version="1.0" encoding="UTF-8"?>
<!-- Generated by org.testng.reporters.JUnitReportReporter -->
<testsuite skipped="0" hostname="DESKTOP-A3DICO7" name="TestNGConcept.Test2" tests="5" failures="0" timestamp="18 May 2019 01:49:16 GMT" time="0.025" errors="0">
  <testcase name="sub" time="0.003" classname="TestNGConcept.Test2"/>
  <testcase name="div" time="0.004" classname="TestNGConcept.Test2"/>
  <testcase name="b" time="0.015" classname="TestNGConcept.Test2"/>
  <testcase name="mul" time="0.002" classname="TestNGConcept.Test2"/>
  <testcase name="add" time="0.001" classname="TestNGConcept.Test2"/>
</testsuite> <!-- TestNGConcept.Test2 -->
