<?xml version="1.0" encoding="UTF-8"?>
<!-- Generated by org.testng.reporters.JUnitReportReporter -->
<testsuite skipped="0" hostname="DESKTOP-A3DICO7" name="com.farm.qa.testcases.FarmAppTest" tests="2" failures="0" timestamp="29 Jan 2019 08:15:47 GMT" time="183.177" errors="0">
  <testcase name="access_Weather_Details" time="164.225" classname="com.farm.qa.testcases.FarmAppTest"/>
  <testcase name="goverment_Scheme" time="18.952" classname="com.farm.qa.testcases.FarmAppTest"/>
</testsuite> <!-- com.farm.qa.testcases.FarmAppTest -->
